# JRE version: Java(TM) SE Runtime Environment (8.0_201-b09) (build 1.8.0_201-b09)
# Java VM: Java HotSpot(TM) 64-Bit Server VM (25.201-b09 mixed mode linux-amd64 compressed oops)
Heap:
 PSYoungGen      total 2513408K, used 67104K [0x0000000672b00000, 0x0000000714f80000, 0x00000007c0000000)
  eden space 2368000K, 0% used [0x0000000672b00000,0x0000000672b00000,0x0000000703380000)
  from space 145408K, 46% used [0x0000000703380000,0x0000000707508090,0x000000070c180000)
  to   space 119808K, 0% used [0x000000070da80000,0x000000070da80000,0x0000000714f80000)
 ParOldGen       total 675328K, used 451180K [0x00000003d8000000, 0x0000000401380000, 0x0000000672b00000)
  object space 675328K, 66% used [0x00000003d8000000,0x00000003f389b2d0,0x0000000401380000)
 Metaspace       used 51665K, capacity 54822K, committed 55040K, reserved 1097728K
  class space    used 7083K, capacity 7656K, committed 7680K, reserved 1048576K
GC Heap History (10 events):
Event: 35.169 GC heap after
Heap after GC invocations=28 (full 5):
 PSYoungGen      total 1866752K, used 93061K [0x0000000672b00000, 0x0000000705d00000, 0x00000007c0000000)
  eden space 1707520K, 0% used [0x0000000672b00000,0x0000000672b00000,0x00000006dae80000)
  from space 159232K, 58% used [0x00000006dae80000,0x00000006e09614b8,0x00000006e4a00000)
  to   space 158208K, 0% used [0x00000006fc280000,0x00000006fc280000,0x0000000705d00000)
 ParOldGen       total 678912K, used 590270K [0x00000003d8000000, 0x0000000401700000, 0x0000000672b00000)
  object space 678912K, 86% used [0x00000003d8000000,0x00000003fc06f8d8,0x0000000401700000)
 Metaspace       used 51462K, capacity 54480K, committed 54784K, reserved 1095680K
  class space    used 7057K, capacity 7627K, committed 7680K, reserved 1048576K
}
Event: 35.174 GC heap before
{Heap before GC invocations=29 (full 6):
 PSYoungGen      total 1866752K, used 93061K [0x0000000672b00000, 0x0000000705d00000, 0x00000007c0000000)
  eden space 1707520K, 0% used [0x0000000672b00000,0x0000000672b00000,0x00000006dae80000)
  from space 159232K, 58% used [0x00000006dae80000,0x00000006e09614b8,0x00000006e4a00000)
  to   space 158208K, 0% used [0x00000006fc280000,0x00000006fc280000,0x0000000705d00000)
 ParOldGen       total 678912K, used 590270K [0x00000003d8000000, 0x0000000401700000, 0x0000000672b00000)
  object space 678912K, 86% used [0x00000003d8000000,0x00000003fc06f8d8,0x0000000401700000)
 Metaspace       used 51462K, capacity 54480K, committed 54784K, reserved 1095680K
  class space    used 7057K, capacity 7627K, committed 7680K, reserved 1048576K
Event: 36.302 GC heap after
Heap after GC invocations=29 (full 6):
 PSYoungGen      total 1866752K, used 0K [0x0000000672b00000, 0x0000000705d00000, 0x00000007c0000000)
  eden space 1707520K, 0% used [0x0000000672b00000,0x0000000672b00000,0x00000006dae80000)
  from space 159232K, 0% used [0x00000006dae80000,0x00000006dae80000,0x00000006e4a00000)
  to   space 158208K, 0% used [0x00000006fc280000,0x00000006fc280000,0x0000000705d00000)
 ParOldGen       total 675328K, used 325211K [0x00000003d8000000, 0x0000000401380000, 0x0000000672b00000)
  object space 675328K, 48% used [0x00000003d8000000,0x00000003ebd96d20,0x0000000401380000)
 Metaspace       used 51462K, capacity 54480K, committed 54784K, reserved 1095680K
  class space    used 7057K, capacity 7627K, committed 7680K, reserved 1048576K
}
Event: 38.721 GC heap before
{Heap before GC invocations=30 (full 6):
 PSYoungGen      total 1866752K, used 1707520K [0x0000000672b00000, 0x0000000705d00000, 0x00000007c0000000)
  eden space 1707520K, 100% used [0x0000000672b00000,0x00000006dae80000,0x00000006dae80000)
  from space 159232K, 0% used [0x00000006dae80000,0x00000006dae80000,0x00000006e4a00000)
  to   space 158208K, 0% used [0x00000006fc280000,0x00000006fc280000,0x0000000705d00000)
 ParOldGen       total 675328K, used 325211K [0x00000003d8000000, 0x0000000401380000, 0x0000000672b00000)
  object space 675328K, 48% used [0x00000003d8000000,0x00000003ebd96d20,0x0000000401380000)
 Metaspace       used 51463K, capacity 54480K, committed 54784K, reserved 1095680K
  class space    used 7057K, capacity 7627K, committed 7680K, reserved 1048576K
Event: 39.010 GC heap after
Heap after GC invocations=30 (full 6):
 PSYoungGen      total 2171392K, used 71157K [0x0000000672b00000, 0x0000000702d80000, 0x00000007c0000000)
  eden space 2061824K, 0% used [0x0000000672b00000,0x0000000672b00000,0x00000006f0880000)
  from space 109568K, 64% used [0x00000006fc280000,0x00000007007fd5e0,0x0000000702d80000)
  to   space 150016K, 0% used [0x00000006f0880000,0x00000006f0880000,0x00000006f9b00000)
 ParOldGen       total 675328K, used 325219K [0x00000003d8000000, 0x0000000401380000, 0x0000000672b00000)
  object space 675328K, 48% used [0x00000003d8000000,0x00000003ebd98d20,0x0000000401380000)
 Metaspace       used 51463K, capacity 54480K, committed 54784K, reserved 1095680K
  class space    used 7057K, capacity 7627K, committed 7680K, reserved 1048576K
}
Event: 42.991 GC heap before
{Heap before GC invocations=31 (full 6):
 PSYoungGen      total 2171392K, used 2132981K [0x0000000672b00000, 0x0000000702d80000, 0x00000007c0000000)
  eden space 2061824K, 100% used [0x0000000672b00000,0x00000006f0880000,0x00000006f0880000)
  from space 109568K, 64% used [0x00000006fc280000,0x00000007007fd5e0,0x0000000702d80000)
  to   space 150016K, 0% used [0x00000006f0880000,0x00000006f0880000,0x00000006f9b00000)
 ParOldGen       total 675328K, used 325219K [0x00000003d8000000, 0x0000000401380000, 0x0000000672b00000)
  object space 675328K, 48% used [0x00000003d8000000,0x00000003ebd98d20,0x0000000401380000)
 Metaspace       used 51664K, capacity 54758K, committed 54784K, reserved 1095680K
  class space    used 7083K, capacity 7656K, committed 7680K, reserved 1048576K
Event: 43.552 GC heap after
Heap after GC invocations=31 (full 6):
 PSYoungGen      total 2211840K, used 84240K [0x0000000672b00000, 0x0000000716980000, 0x00000007c0000000)
  eden space 2061824K, 0% used [0x0000000672b00000,0x0000000672b00000,0x00000006f0880000)
  from space 150016K, 56% used [0x00000006f0880000,0x00000006f5ac4080,0x00000006f9b00000)
  to   space 146432K, 0% used [0x000000070da80000,0x000000070da80000,0x0000000716980000)
 ParOldGen       total 675328K, used 371572K [0x00000003d8000000, 0x0000000401380000, 0x0000000672b00000)
  object space 675328K, 55% used [0x00000003d8000000,0x00000003eeadd260,0x0000000401380000)
 Metaspace       used 51664K, capacity 54758K, committed 54784K, reserved 1095680K
  class space    used 7083K, capacity 7656K, committed 7680K, reserved 1048576K
}
Event: 45.953 GC heap before
{Heap before GC invocations=32 (full 6):
 PSYoungGen      total 2211840K, used 2146064K [0x0000000672b00000, 0x0000000716980000, 0x00000007c0000000)
  eden space 2061824K, 100% used [0x0000000672b00000,0x00000006f0880000,0x00000006f0880000)
  from space 150016K, 56% used [0x00000006f0880000,0x00000006f5ac4080,0x00000006f9b00000)
  to   space 146432K, 0% used [0x000000070da80000,0x000000070da80000,0x0000000716980000)
 ParOldGen       total 675328K, used 371572K [0x00000003d8000000, 0x0000000401380000, 0x0000000672b00000)
  object space 675328K, 55% used [0x00000003d8000000,0x00000003eeadd260,0x0000000401380000)
 Metaspace       used 51665K, capacity 54822K, committed 55040K, reserved 1097728K
  class space    used 7083K, capacity 7656K, committed 7680K, reserved 1048576K
Event: 46.059 GC heap after
Heap after GC invocations=32 (full 6):
 PSYoungGen      total 2487808K, used 39064K [0x0000000672b00000, 0x0000000714f80000, 0x00000007c0000000)
  eden space 2368000K, 0% used [0x0000000672b00000,0x0000000672b00000,0x0000000703380000)
  from space 119808K, 32% used [0x000000070da80000,0x00000007100a6340,0x0000000714f80000)
  to   space 145408K, 0% used [0x0000000703380000,0x0000000703380000,0x000000070c180000)
 ParOldGen       total 675328K, used 433276K [0x00000003d8000000, 0x0000000401380000, 0x0000000672b00000)
  object space 675328K, 64% used [0x00000003d8000000,0x00000003f271f2d0,0x0000000401380000)
 Metaspace       used 51665K, capacity 54822K, committed 55040K, reserved 1097728K
  class space    used 7083K, capacity 7656K, committed 7680K, reserved 1048576K
}
Event: 49.196 GC heap before
{Heap before GC invocations=33 (full 6):
 PSYoungGen      total 2487808K, used 2407064K [0x0000000672b00000, 0x0000000714f80000, 0x00000007c0000000)
  eden space 2368000K, 100% used [0x0000000672b00000,0x0000000703380000,0x0000000703380000)
  from space 119808K, 32% used [0x000000070da80000,0x00000007100a6340,0x0000000714f80000)
  to   space 145408K, 0% used [0x0000000703380000,0x0000000703380000,0x000000070c180000)
 ParOldGen       total 675328K, used 433276K [0x00000003d8000000, 0x0000000401380000, 0x0000000672b00000)
  object space 675328K, 64% used [0x00000003d8000000,0x00000003f271f2d0,0x0000000401380000)
 Metaspace       used 51665K, capacity 54822K, committed 55040K, reserved 1097728K
  class space    used 7083K, capacity 7656K, committed 7680K, reserved 1048576K

